<?xml version="1.0" encoding="UTF-8"?>
<!-- Generated by org.testng.reporters.JUnitXMLReporter -->
<testsuite ignored="0" hostname="adikiprakash" failures="0" tests="9" name="Command line test" time="322.054" errors="0" timestamp="01 Dec 2019 14:08:20 GMT">
  <testcase classname="com.vtiger.contactTest.CreateContactWithoutMandatoryDetailsTest" name="createContactWithoutMandatoryDetailsTest" time="10.237"/>
  <testcase classname="com.vtiger.contactTest.CreateContactWithValidDataTest" name="createContactWithValidDataTest" time="14.37"/>
  <testcase classname="com.vtiger.contactTest.SearchContactUsingContactIDTest" name="searchContactUsingContactIDTest" time="19.381"/>
  <testcase classname="com.vtiger.contactTest.SearchContactUsingEmailIDTest" name="searchContactUsingEmailIDTest" time="19.73"/>
  <testcase classname="com.vtiger.contactTest.SearchContactUsingFirstNameTest" name="searchContactUsingFirstNameTest" time="18.377"/>
  <testcase classname="com.vtiger.contactTest.SearchContactUsingLastNameTest" name="searchContactUsingLastNameTest" time="18.722"/>
  <testcase classname="com.vtiger.contactTest.SearchContactUsingOffPhoneNoTest" name="searchContactUsingOffPhoneNoTest" time="17.14"/>
  <testcase classname="com.vtiger.contactTest.SearchContactUsingOrganizationNameTest" name="searchContactUsingOrganizationNameTest" time="32.275"/>
  <testcase classname="com.vtiger.contactTest.SearchContactUsingTitleTest" name="searchContactUsingTitleTest" time="17.925"/>
</testsuite> <!-- Command line test -->
