<?xml version="1.0" encoding="UTF-8" ?>
<testsuite tests="9" failures="0" name="TestSuite" time="168.153" errors="0" skipped="0">
  <properties>
[...]
</properties>
  <testcase classname="com.vtiger.contactTest.CreateContactWithoutMandatoryDetailsTest" name="createContactWithoutMandatoryDetailsTest" time="10.239"/>
  <testcase classname="com.vtiger.contactTest.CreateContactWithValidDataTest" name="createContactWithValidDataTest" time="14.369"/>
  <testcase classname="com.vtiger.contactTest.SearchContactUsingContactIDTest" name="searchContactUsingContactIDTest" time="19.38"/>
  <testcase classname="com.vtiger.contactTest.SearchContactUsingEmailIDTest" name="searchContactUsingEmailIDTest" time="19.729"/>
  <testcase classname="com.vtiger.contactTest.SearchContactUsingFirstNameTest" name="searchContactUsingFirstNameTest" time="18.375"/>
  <testcase classname="com.vtiger.contactTest.SearchContactUsingLastNameTest" name="searchContactUsingLastNameTest" time="18.723"/>
  <testcase classname="com.vtiger.contactTest.SearchContactUsingOffPhoneNoTest" name="searchContactUsingOffPhoneNoTest" time="17.14"/>
  <testcase classname="com.vtiger.contactTest.SearchContactUsingOrganizationNameTest" name="searchContactUsingOrganizationNameTest" time="32.275"/>
  <testcase classname="com.vtiger.contactTest.SearchContactUsingTitleTest" name="searchContactUsingTitleTest" time="17.923"/>
</testsuite>