<?xml version="1.0" encoding="UTF-8"?>
<testng-results ignored="0" total="1" passed="1" failed="0" skipped="0">
  <reporter-output>
    <line>
      <![CDATA[CreateContactWithoutMandatoryDetails successfully Validated === PASS]]>
    </line>
  </reporter-output>
  <suite started-at="2019-11-16T17:25:36Z" name="Default suite" finished-at="2019-11-16T17:26:22Z" duration-ms="45389">
    <groups>
    </groups>
    <test started-at="2019-11-16T17:25:36Z" name="Default test" finished-at="2019-11-16T17:26:22Z" duration-ms="45389">
      <class name="com.vtiger.contactTest.CreateContactWithoutMandatoryDetailsTest">
        <test-method is-config="true" signature="configBC()[pri:0, instance:com.vtiger.contactTest.CreateContactWithoutMandatoryDetailsTest@10db82ae]" started-at="2019-11-16T17:25:36Z" name="configBC" finished-at="2019-11-16T17:25:44Z" duration-ms="7403" status="PASS">
          <reporter-output>
          </reporter-output>
        </test-method> <!-- configBC -->
        <test-method is-config="true" signature="configBM()[pri:0, instance:com.vtiger.contactTest.CreateContactWithoutMandatoryDetailsTest@10db82ae]" started-at="2019-11-16T17:25:44Z" name="configBM" finished-at="2019-11-16T17:26:02Z" duration-ms="17950" status="PASS">
          <reporter-output>
          </reporter-output>
        </test-method> <!-- configBM -->
        <test-method signature="createContactWithoutMandatoryDetailsTest()[pri:0, instance:com.vtiger.contactTest.CreateContactWithoutMandatoryDetailsTest@10db82ae]" started-at="2019-11-16T17:26:02Z" name="createContactWithoutMandatoryDetailsTest" finished-at="2019-11-16T17:26:19Z" duration-ms="17148" status="PASS">
          <reporter-output>
            <line>
              <![CDATA[CreateContactWithoutMandatoryDetails successfully Validated === PASS]]>
            </line>
          </reporter-output>
        </test-method> <!-- createContactWithoutMandatoryDetailsTest -->
        <test-method is-config="true" signature="configAM()[pri:0, instance:com.vtiger.contactTest.CreateContactWithoutMandatoryDetailsTest@10db82ae]" started-at="2019-11-16T17:26:19Z" name="configAM" finished-at="2019-11-16T17:26:22Z" duration-ms="2719" status="PASS">
          <reporter-output>
          </reporter-output>
        </test-method> <!-- configAM -->
        <test-method is-config="true" signature="configAC()[pri:0, instance:com.vtiger.contactTest.CreateContactWithoutMandatoryDetailsTest@10db82ae]" started-at="2019-11-16T17:26:22Z" name="configAC" finished-at="2019-11-16T17:26:22Z" duration-ms="122" status="PASS">
          <reporter-output>
          </reporter-output>
        </test-method> <!-- configAC -->
      </class> <!-- com.vtiger.contactTest.CreateContactWithoutMandatoryDetailsTest -->
    </test> <!-- Default test -->
  </suite> <!-- Default suite -->
</testng-results>
